0 info it worked if it ends with ok
1 verbose cli [ 'node',
1 verbose cli   '/usr/local/bin/npm',
1 verbose cli   'install',
1 verbose cli   'grunt-bower-jquery-validation',
1 verbose cli   '--save-dev' ]
2 info using npm@1.4.28
3 info using node@v0.10.36
4 verbose readDependencies using package.json deps
5 verbose cache add [ 'grunt-bower-jquery-validation', null ]
6 verbose cache add name=undefined spec="grunt-bower-jquery-validation" args=["grunt-bower-jquery-validation",null]
7 verbose parsed url { protocol: null,
7 verbose parsed url   slashes: null,
7 verbose parsed url   auth: null,
7 verbose parsed url   host: null,
7 verbose parsed url   port: null,
7 verbose parsed url   hostname: null,
7 verbose parsed url   hash: null,
7 verbose parsed url   search: null,
7 verbose parsed url   query: null,
7 verbose parsed url   pathname: 'grunt-bower-jquery-validation',
7 verbose parsed url   path: 'grunt-bower-jquery-validation',
7 verbose parsed url   href: 'grunt-bower-jquery-validation' }
8 silly lockFile 556acefb-grunt-bower-jquery-validation grunt-bower-jquery-validation
9 verbose lock grunt-bower-jquery-validation /Users/guillermo/.npm/556acefb-grunt-bower-jquery-validation.lock
10 silly lockFile 556acefb-grunt-bower-jquery-validation grunt-bower-jquery-validation
11 silly lockFile 556acefb-grunt-bower-jquery-validation grunt-bower-jquery-validation
12 verbose addNamed [ 'grunt-bower-jquery-validation', '' ]
13 verbose addNamed [ null, '*' ]
14 silly lockFile a596c21a-grunt-bower-jquery-validation grunt-bower-jquery-validation@
15 verbose lock grunt-bower-jquery-validation@ /Users/guillermo/.npm/a596c21a-grunt-bower-jquery-validation.lock
16 silly addNameRange { name: 'grunt-bower-jquery-validation',
16 silly addNameRange   range: '*',
16 silly addNameRange   hasData: false }
17 verbose request where is /grunt-bower-jquery-validation
18 verbose request registry https://registry.npmjs.org/
19 verbose request id ef7ac581cad18b25
20 verbose url raw /grunt-bower-jquery-validation
21 verbose url resolving [ 'https://registry.npmjs.org/',
21 verbose url resolving   './grunt-bower-jquery-validation' ]
22 verbose url resolved https://registry.npmjs.org/grunt-bower-jquery-validation
23 verbose request where is https://registry.npmjs.org/grunt-bower-jquery-validation
24 info trying registry request attempt 1 at 13:23:27
25 http GET https://registry.npmjs.org/grunt-bower-jquery-validation
26 http 404 https://registry.npmjs.org/grunt-bower-jquery-validation
27 verbose headers { date: 'Wed, 04 Feb 2015 16:23:28 GMT',
27 verbose headers   server: 'CouchDB/1.5.0 (Erlang OTP/R16B03)',
27 verbose headers   'content-type': 'application/json',
27 verbose headers   'cache-control': 'max-age=0',
27 verbose headers   'content-length': '52',
27 verbose headers   'accept-ranges': 'bytes',
27 verbose headers   via: '1.1 varnish',
27 verbose headers   age: '0',
27 verbose headers   'x-served-by': 'cache-atl6221-ATL',
27 verbose headers   'x-cache': 'MISS',
27 verbose headers   'x-cache-hits': '0',
27 verbose headers   'x-timer': 'S1423067008.313578,VS0,VE80',
27 verbose headers   'keep-alive': 'timeout=10, max=50',
27 verbose headers   connection: 'Keep-Alive' }
28 silly registry.get cb [ 404,
28 silly registry.get   { date: 'Wed, 04 Feb 2015 16:23:28 GMT',
28 silly registry.get     server: 'CouchDB/1.5.0 (Erlang OTP/R16B03)',
28 silly registry.get     'content-type': 'application/json',
28 silly registry.get     'cache-control': 'max-age=0',
28 silly registry.get     'content-length': '52',
28 silly registry.get     'accept-ranges': 'bytes',
28 silly registry.get     via: '1.1 varnish',
28 silly registry.get     age: '0',
28 silly registry.get     'x-served-by': 'cache-atl6221-ATL',
28 silly registry.get     'x-cache': 'MISS',
28 silly registry.get     'x-cache-hits': '0',
28 silly registry.get     'x-timer': 'S1423067008.313578,VS0,VE80',
28 silly registry.get     'keep-alive': 'timeout=10, max=50',
28 silly registry.get     connection: 'Keep-Alive' } ]
29 silly lockFile a596c21a-grunt-bower-jquery-validation grunt-bower-jquery-validation@
30 silly lockFile a596c21a-grunt-bower-jquery-validation grunt-bower-jquery-validation@
31 error 404 404 Not Found: grunt-bower-jquery-validation
31 error 404
31 error 404 'grunt-bower-jquery-validation' is not in the npm registry.
31 error 404 You should bug the author to publish it
31 error 404 It was specified as a dependency of 'zf5_project'
31 error 404
31 error 404 Note that you can also install from a
31 error 404 tarball, folder, or http url, or git url.
32 error System Darwin 13.4.0
33 error command "node" "/usr/local/bin/npm" "install" "grunt-bower-jquery-validation" "--save-dev"
34 error cwd /Users/guillermo/Sites/FlushingCommons
35 error node -v v0.10.36
36 error npm -v 1.4.28
37 error code E404
38 verbose exit [ 1, true ]
